0 info it worked if it ends with ok
1 verbose cli [ 'node', '/usr/local/bin/npm', 'update', '-g', 'bower' ]
2 info using npm@1.4.14
3 info using node@v0.10.29
4 verbose registry.get bower not expired, no request
5 info outdated updating [ [ '/usr/local/lib', 'bower', '1.3.5', '1.3.8', '1.3.8', '*' ] ]
6 verbose install where,what [ '/usr/local/lib', [ 'bower@1.3.8' ] ]
7 verbose cache add [ 'bower@1.3.8', null ]
8 verbose cache add name=undefined spec="bower@1.3.8" args=["bower@1.3.8",null]
9 verbose parsed url { protocol: null,
9 verbose parsed url   slashes: null,
9 verbose parsed url   auth: null,
9 verbose parsed url   host: null,
9 verbose parsed url   port: null,
9 verbose parsed url   hostname: null,
9 verbose parsed url   hash: null,
9 verbose parsed url   search: null,
9 verbose parsed url   query: null,
9 verbose parsed url   pathname: 'bower@1.3.8',
9 verbose parsed url   path: 'bower@1.3.8',
9 verbose parsed url   href: 'bower@1.3.8' }
10 verbose cache add name="bower" spec="1.3.8" args=["bower","1.3.8"]
11 verbose parsed url { protocol: null,
11 verbose parsed url   slashes: null,
11 verbose parsed url   auth: null,
11 verbose parsed url   host: null,
11 verbose parsed url   port: null,
11 verbose parsed url   hostname: null,
11 verbose parsed url   hash: null,
11 verbose parsed url   search: null,
11 verbose parsed url   query: null,
11 verbose parsed url   pathname: '1.3.8',
11 verbose parsed url   path: '1.3.8',
11 verbose parsed url   href: '1.3.8' }
12 verbose addNamed [ 'bower', '1.3.8' ]
13 verbose addNamed [ '1.3.8', '1.3.8' ]
14 silly lockFile 7946917f-bower-1-3-8 bower@1.3.8
15 verbose lock bower@1.3.8 /Users/michael/.npm/7946917f-bower-1-3-8.lock
16 verbose registry.get bower not expired, no request
17 silly lockFile ad8e0082--npmjs-org-bower-bower-1-3-8-tgz https://registry.npmjs.org/bower/-/bower-1.3.8.tgz
18 verbose lock https://registry.npmjs.org/bower/-/bower-1.3.8.tgz /Users/michael/.npm/ad8e0082--npmjs-org-bower-bower-1-3-8-tgz.lock
19 verbose addRemoteTarball [ 'https://registry.npmjs.org/bower/-/bower-1.3.8.tgz',
19 verbose addRemoteTarball   'afa3338a8a88a6e084c38112ea4a15998cbee3e6' ]
20 info retry fetch attempt 1 at 12:26:55
21 verbose fetch to= /var/folders/w3/pkrnqqh97vbgl8h6w987gdcc0000gn/T/npm-17071-XJFry0mK/registry.npmjs.org/bower/-/bower-1.3.8.tgz
22 http GET https://registry.npmjs.org/bower/-/bower-1.3.8.tgz
23 http 200 https://registry.npmjs.org/bower/-/bower-1.3.8.tgz
24 silly lockFile ad8e0082--npmjs-org-bower-bower-1-3-8-tgz https://registry.npmjs.org/bower/-/bower-1.3.8.tgz
25 silly lockFile ad8e0082--npmjs-org-bower-bower-1-3-8-tgz https://registry.npmjs.org/bower/-/bower-1.3.8.tgz
26 silly lockFile 7946917f-bower-1-3-8 bower@1.3.8
27 silly lockFile 7946917f-bower-1-3-8 bower@1.3.8
28 error Error: EACCES, mkdir '/Users/michael/.npm/bower/1.3.8'
28 error  { [Error: EACCES, mkdir '/Users/michael/.npm/bower/1.3.8']
28 error   errno: 3,
28 error   code: 'EACCES',
28 error   path: '/Users/michael/.npm/bower/1.3.8' }
29 error Please try running this command again as root/Administrator.
30 error System Darwin 13.3.0
31 error command "node" "/usr/local/bin/npm" "update" "-g" "bower"
32 error cwd /Users/michael/Documents/Projects/pre-k
33 error node -v v0.10.29
34 error npm -v 1.4.14
35 error path /Users/michael/.npm/bower/1.3.8
36 error code EACCES
37 error errno 3
38 error stack Error: EACCES, mkdir '/Users/michael/.npm/bower/1.3.8'
39 verbose exit [ 3, true ]
